\BOOKMARK [0][-]{chapter.1}{\376\377\000I\000n\000t\000r\000o\000d\000u\000c\000t\000i\000o\000n}{}% 1
\BOOKMARK [1][-]{section.1.1}{\376\377\000O\000v\000e\000r\000v\000i\000e\000w\000\040\000o\000f\000\040\000t\000h\000e\000\040\000P\000r\000o\000j\000e\000c\000t}{chapter.1}% 2
\BOOKMARK [1][-]{section.1.2}{\376\377\000O\000b\000j\000e\000c\000t\000i\000v\000e\000s}{chapter.1}% 3
\BOOKMARK [1][-]{section.1.3}{\376\377\000R\000e\000l\000e\000v\000a\000n\000c\000e\000\040\000t\000o\000\040\000t\000h\000e\000\040\000P\000h\000y\000s\000i\000c\000s\000\040\000o\000f\000\040\000W\000a\000v\000e\000s}{chapter.1}% 4
\BOOKMARK [1][-]{section.1.4}{\376\377\000S\000t\000r\000u\000c\000t\000u\000r\000e\000\040\000o\000f\000\040\000t\000h\000e\000\040\000R\000e\000p\000o\000r\000t}{chapter.1}% 5
\BOOKMARK [1][-]{section.1.5}{\376\377\000C\000o\000n\000c\000l\000u\000s\000i\000o\000n\000\040\000o\000f\000\040\000t\000h\000e\000\040\000I\000n\000t\000r\000o\000d\000u\000c\000t\000i\000o\000n}{chapter.1}% 6
\BOOKMARK [0][-]{chapter.2}{\376\377\000P\000a\000r\000t\000\040\0001\000:\000\040\000S\000i\000m\000u\000l\000a\000t\000i\000o\000n\000\040\000o\000f\000\040\000T\000w\000o\000\040\000C\000o\000u\000p\000l\000e\000d\000\040\000O\000s\000c\000i\000l\000l\000a\000t\000o\000r\000s}{}% 7
\BOOKMARK [1][-]{section.2.1}{\376\377\000T\000a\000s\000k\000\040\0001\000:\000\040\000M\000o\000d\000e\000l\000i\000n\000g\000\040\000t\000h\000e\000\040\000S\000y\000s\000t\000e\000m}{chapter.2}% 8
\BOOKMARK [2][-]{subsection.2.1.1}{\376\377\000S\000y\000s\000t\000e\000m\000\040\000P\000a\000r\000a\000m\000e\000t\000e\000r\000s}{section.2.1}% 9
\BOOKMARK [2][-]{subsection.2.1.2}{\376\377\000E\000q\000u\000a\000t\000i\000o\000n\000s\000\040\000o\000f\000\040\000M\000o\000t\000i\000o\000n}{section.2.1}% 10
\BOOKMARK [2][-]{subsection.2.1.3}{\376\377\000C\000o\000d\000e\000\040\000I\000m\000p\000l\000e\000m\000e\000n\000t\000a\000t\000i\000o\000n}{section.2.1}% 11
\BOOKMARK [2][-]{subsection.2.1.4}{\376\377\000R\000e\000s\000u\000l\000t\000s\000\040\000a\000n\000d\000\040\000V\000i\000s\000u\000a\000l\000i\000z\000a\000t\000i\000o\000n}{section.2.1}% 12
\BOOKMARK [2][-]{subsection.2.1.5}{\376\377\000D\000i\000s\000c\000u\000s\000s\000i\000o\000n}{section.2.1}% 13
\BOOKMARK [2][-]{subsection.2.1.6}{\376\377\000C\000o\000d\000e\000\040\000E\000x\000p\000l\000a\000n\000a\000t\000i\000o\000n}{section.2.1}% 14
\BOOKMARK [2][-]{subsection.2.1.7}{\376\377\000D\000i\000s\000c\000u\000s\000s\000i\000o\000n\000\040\000o\000f\000\040\000I\000m\000p\000l\000e\000m\000e\000n\000t\000a\000t\000i\000o\000n\000\040\000C\000h\000o\000i\000c\000e\000s}{section.2.1}% 15
\BOOKMARK [2][-]{subsection.2.1.8}{\376\377\000C\000o\000n\000c\000l\000u\000s\000i\000o\000n\000\040\000o\000f\000\040\000T\000a\000s\000k\000\040\0002}{section.2.1}% 16
\BOOKMARK [2][-]{subsection.2.1.9}{\376\377\000C\000o\000d\000e\000\040\000E\000x\000p\000l\000a\000n\000a\000t\000i\000o\000n}{section.2.1}% 17
\BOOKMARK [2][-]{subsection.2.1.10}{\376\377\000D\000i\000s\000c\000u\000s\000s\000i\000o\000n\000\040\000o\000f\000\040\000I\000m\000p\000l\000e\000m\000e\000n\000t\000a\000t\000i\000o\000n\000\040\000C\000h\000o\000i\000c\000e\000s}{section.2.1}% 18
\BOOKMARK [2][-]{subsection.2.1.11}{\376\377\000C\000o\000n\000c\000l\000u\000s\000i\000o\000n\000\040\000o\000f\000\040\000T\000a\000s\000k\000\040\0002}{section.2.1}% 19
\BOOKMARK [1][-]{section.2.2}{\376\377\000T\000a\000s\000k\000\040\0003\000:\000\040\000V\000i\000s\000u\000a\000l\000\040\000S\000i\000m\000u\000l\000a\000t\000i\000o\000n\000\040\000o\000f\000\040\000N\000o\000r\000m\000a\000l\000\040\000M\000o\000d\000e\000s}{chapter.2}% 20
\BOOKMARK [2][-]{subsection.2.2.1}{\376\377\000S\000y\000s\000t\000e\000m\000\040\000P\000a\000r\000a\000m\000e\000t\000e\000r\000s\000\040\000a\000n\000d\000\040\000N\000o\000r\000m\000a\000l\000\040\000M\000o\000d\000e\000\040\000F\000r\000e\000q\000u\000e\000n\000c\000i\000e\000s}{section.2.2}% 21
\BOOKMARK [2][-]{subsection.2.2.2}{\376\377\000I\000n\000i\000t\000i\000a\000l\000\040\000C\000o\000n\000d\000i\000t\000i\000o\000n\000s\000\040\000a\000n\000d\000\040\000A\000n\000g\000l\000e\000\040\000C\000a\000l\000c\000u\000l\000a\000t\000i\000o\000n\000s}{section.2.2}% 22
\BOOKMARK [2][-]{subsection.2.2.3}{\376\377\000P\000o\000s\000i\000t\000i\000o\000n\000\040\000C\000a\000l\000c\000u\000l\000a\000t\000i\000o\000n\000\040\000F\000u\000n\000c\000t\000i\000o\000n}{section.2.2}% 23
\BOOKMARK [2][-]{subsection.2.2.4}{\376\377\000S\000u\000m\000m\000a\000r\000y\000\040\000o\000f\000\040\000M\000a\000t\000h\000e\000m\000a\000t\000i\000c\000a\000l\000\040\000M\000o\000d\000e\000l\000i\000n\000g}{section.2.2}% 24
\BOOKMARK [2][-]{subsection.2.2.5}{\376\377\000I\000n\000c\000l\000u\000s\000i\000o\000n\000\040\000o\000f\000\040\000C\000o\000d\000e\000\040\000i\000n\000\040\000A\000p\000p\000e\000n\000d\000i\000x}{section.2.2}% 25
\BOOKMARK [1][-]{section.2.3}{\376\377\000T\000a\000s\000k\000\040\0004\000:\000\040\000N\000o\000r\000m\000a\000l\000\040\000M\000o\000d\000e\000s\000\040\000A\000n\000a\000l\000y\000s\000i\000s}{chapter.2}% 26
\BOOKMARK [2][-]{subsection.2.3.1}{\376\377\000S\000y\000s\000t\000e\000m\000\040\000P\000a\000r\000a\000m\000e\000t\000e\000r\000s\000\040\000a\000n\000d\000\040\000N\000o\000r\000m\000a\000l\000\040\000M\000o\000d\000e\000\040\000F\000r\000e\000q\000u\000e\000n\000c\000i\000e\000s}{section.2.3}% 27
\BOOKMARK [2][-]{subsection.2.3.2}{\376\377\000I\000n\000i\000t\000i\000a\000l\000\040\000C\000o\000n\000d\000i\000t\000i\000o\000n\000s\000\040\000a\000n\000d\000\040\000A\000n\000g\000l\000e\000\040\000C\000a\000l\000c\000u\000l\000a\000t\000i\000o\000n\000s}{section.2.3}% 28
\BOOKMARK [2][-]{subsection.2.3.3}{\376\377\000M\000a\000t\000h\000e\000m\000a\000t\000i\000c\000a\000l\000\040\000M\000o\000d\000e\000l\000i\000n\000g\000\040\000o\000f\000\040\000N\000o\000r\000m\000a\000l\000\040\000M\000o\000d\000e\000s}{section.2.3}% 29
\BOOKMARK [2][-]{subsection.2.3.4}{\376\377\000R\000e\000s\000u\000l\000t\000s\000\040\000a\000n\000d\000\040\000A\000n\000g\000u\000l\000a\000r\000\040\000F\000r\000e\000q\000u\000e\000n\000c\000i\000e\000s}{section.2.3}% 30
\BOOKMARK [2][-]{subsection.2.3.5}{\376\377\000V\000i\000s\000u\000a\000l\000i\000z\000a\000t\000i\000o\000n\000\040\000o\000f\000\040\000N\000o\000r\000m\000a\000l\000\040\000M\000o\000d\000e\000s}{section.2.3}% 31
\BOOKMARK [2][-]{subsection.2.3.6}{\376\377\000D\000i\000s\000c\000u\000s\000s\000i\000o\000n}{section.2.3}% 32
\BOOKMARK [2][-]{subsection.2.3.7}{\376\377\000C\000o\000n\000c\000l\000u\000s\000i\000o\000n\000\040\000o\000f\000\040\000T\000a\000s\000k\000\040\0004}{section.2.3}% 33
\BOOKMARK [1][-]{section.2.4}{\376\377\000T\000a\000s\000k\000\040\0005\000:\000\040\000C\000o\000n\000c\000l\000u\000s\000i\000o\000n}{chapter.2}% 34
\BOOKMARK [2][-]{subsection.2.4.1}{\376\377\000A\000n\000a\000l\000y\000s\000i\000s\000\040\000o\000f\000\040\000S\000i\000m\000u\000l\000a\000t\000i\000o\000n\000\040\000R\000e\000s\000u\000l\000t\000s}{section.2.4}% 35
\BOOKMARK [2][-]{subsection.2.4.2}{\376\377\000D\000i\000a\000g\000r\000a\000m\000s\000\040\000I\000l\000l\000u\000s\000t\000r\000a\000t\000i\000n\000g\000\040\000N\000o\000r\000m\000a\000l\000\040\000M\000o\000d\000e\000s}{section.2.4}% 36
\BOOKMARK [2][-]{subsection.2.4.3}{\376\377\000P\000h\000y\000s\000i\000c\000a\000l\000\040\000S\000i\000g\000n\000i\000f\000i\000c\000a\000n\000c\000e\000\040\000o\000f\000\040\000N\000o\000r\000m\000a\000l\000\040\000M\000o\000d\000e\000s}{section.2.4}% 37
\BOOKMARK [2][-]{subsection.2.4.4}{\376\377\000S\000u\000m\000m\000a\000r\000y}{section.2.4}% 38
\BOOKMARK [0][-]{chapter.3}{\376\377\000P\000a\000r\000t\000\040\0002\000:\000\040\000A\000d\000v\000a\000n\000c\000e\000d\000\040\000W\000a\000v\000e\000\040\000S\000i\000m\000u\000l\000a\000t\000i\000o\000n\000s\000\040\000w\000i\000t\000h\000\040\000M\000a\000s\000s\000-\000S\000p\000r\000i\000n\000g\000\040\000S\000y\000s\000t\000e\000m\000s}{}% 39
\BOOKMARK [1][-]{section.3.1}{\376\377\000T\000a\000s\000k\000\040\0001\000:\000\040\000E\000x\000t\000e\000n\000d\000i\000n\000g\000\040\000t\000o\000\040\000M\000u\000l\000t\000i\000p\000l\000e\000\040\000O\000s\000c\000i\000l\000l\000a\000t\000o\000r\000s}{chapter.3}% 40
\BOOKMARK [1][-]{section.3.2}{\376\377\000T\000a\000s\000k\000\040\0001\000:\000\040\000D\000e\000f\000i\000n\000e\000\040\000t\000h\000e\000\040\000S\000y\000s\000t\000e\000m}{chapter.3}% 41
\BOOKMARK [2][-]{subsection.3.2.1}{\376\377\000S\000y\000s\000t\000e\000m\000\040\000P\000a\000r\000a\000m\000e\000t\000e\000r\000s}{section.3.2}% 42
\BOOKMARK [2][-]{subsection.3.2.2}{\376\377\000C\000o\000n\000s\000t\000r\000u\000c\000t\000i\000o\000n\000\040\000o\000f\000\040\000t\000h\000e\000\040\000S\000t\000i\000f\000f\000n\000e\000s\000s\000\040\000M\000a\000t\000r\000i\000x\000\040\000\050\000\040\000K\000\040\000\051}{section.3.2}% 43
\BOOKMARK [2][-]{subsection.3.2.3}{\376\377\000F\000r\000e\000e\000-\000B\000o\000d\000y\000\040\000D\000i\000a\000g\000r\000a\000m}{section.3.2}% 44
\BOOKMARK [2][-]{subsection.3.2.4}{\376\377\000S\000u\000m\000m\000a\000r\000y}{section.3.2}% 45
\BOOKMARK [1][-]{section.3.3}{\376\377\000T\000a\000s\000k\000\040\0002\000:\000\040\000E\000i\000g\000e\000n\000v\000a\000l\000u\000e\000\040\000P\000r\000o\000b\000l\000e\000m}{chapter.3}% 46
\BOOKMARK [2][-]{subsection.3.3.1}{\376\377\000R\000e\000v\000i\000e\000w\000\040\000o\000f\000\040\000S\000y\000s\000t\000e\000m\000\040\000P\000a\000r\000a\000m\000e\000t\000e\000r\000s}{section.3.3}% 47
\BOOKMARK [2][-]{subsection.3.3.2}{\376\377\000C\000o\000n\000s\000t\000r\000u\000c\000t\000i\000o\000n\000\040\000o\000f\000\040\000t\000h\000e\000\040\000S\000t\000i\000f\000f\000n\000e\000s\000s\000\040\000M\000a\000t\000r\000i\000x\000\040\000\050\000\040\000K\000\040\000\051}{section.3.3}% 48
\BOOKMARK [2][-]{subsection.3.3.3}{\376\377\000E\000i\000g\000e\000n\000v\000a\000l\000u\000e\000\040\000a\000n\000d\000\040\000E\000i\000g\000e\000n\000v\000e\000c\000t\000o\000r\000\040\000C\000o\000m\000p\000u\000t\000a\000t\000i\000o\000n}{section.3.3}% 49
\BOOKMARK [2][-]{subsection.3.3.4}{\376\377\000I\000n\000t\000e\000r\000p\000r\000e\000t\000a\000t\000i\000o\000n\000\040\000o\000f\000\040\000E\000i\000g\000e\000n\000v\000a\000l\000u\000e\000s\000\040\000a\000n\000d\000\040\000E\000i\000g\000e\000n\000v\000e\000c\000t\000o\000r\000s}{section.3.3}% 50
\BOOKMARK [2][-]{subsection.3.3.5}{\376\377\000M\000a\000t\000h\000e\000m\000a\000t\000i\000c\000a\000l\000\040\000D\000e\000r\000i\000v\000a\000t\000i\000o\000n\000\040\000o\000f\000\040\000t\000h\000e\000\040\000E\000i\000g\000e\000n\000v\000a\000l\000u\000e\000\040\000P\000r\000o\000b\000l\000e\000m}{section.3.3}% 51
\BOOKMARK [2][-]{subsection.3.3.6}{\376\377\000R\000e\000s\000u\000l\000t\000s}{section.3.3}% 52
\BOOKMARK [2][-]{subsection.3.3.7}{\376\377\000D\000i\000s\000c\000u\000s\000s\000i\000o\000n\000\040\000o\000f\000\040\000R\000e\000s\000u\000l\000t\000s}{section.3.3}% 53
\BOOKMARK [2][-]{subsection.3.3.8}{\376\377\000M\000a\000t\000h\000e\000m\000a\000t\000i\000c\000a\000l\000\040\000D\000e\000r\000i\000v\000a\000t\000i\000o\000n\000\040\000o\000f\000\040\000t\000h\000e\000\040\000E\000i\000g\000e\000n\000v\000a\000l\000u\000e\000\040\000P\000r\000o\000b\000l\000e\000m}{section.3.3}% 54
\BOOKMARK [2][-]{subsection.3.3.9}{\376\377\000C\000o\000n\000c\000l\000u\000s\000i\000o\000n\000\040\000o\000f\000\040\000T\000a\000s\000k\000\040\0002}{section.3.3}% 55
\BOOKMARK [1][-]{section.3.4}{\376\377\000T\000a\000s\000k\000\040\0003\000:\000\040\000V\000i\000s\000u\000a\000l\000\040\000S\000i\000m\000u\000l\000a\000t\000i\000o\000n}{chapter.3}% 56
\BOOKMARK [2][-]{subsection.3.4.1}{\376\377\000A\000p\000p\000r\000o\000a\000c\000h\000\040\000t\000o\000\040\000V\000i\000s\000u\000a\000l\000i\000z\000a\000t\000i\000o\000n}{section.3.4}% 57
\BOOKMARK [2][-]{subsection.3.4.2}{\376\377\000M\000a\000t\000h\000e\000m\000a\000t\000i\000c\000a\000l\000\040\000F\000o\000u\000n\000d\000a\000t\000i\000o\000n\000s\000\040\000o\000f\000\040\000t\000h\000e\000\040\000S\000i\000m\000u\000l\000a\000t\000i\000o\000n}{section.3.4}% 58
\BOOKMARK [2][-]{subsection.3.4.3}{\376\377\000E\000f\000f\000e\000c\000t\000s\000\040\000o\000f\000\040\000S\000y\000m\000m\000e\000t\000r\000y\000\040\000o\000n\000\040\000O\000s\000c\000i\000l\000l\000a\000t\000o\000r\000y\000\040\000B\000e\000h\000a\000v\000i\000o\000r}{section.3.4}% 59
\BOOKMARK [2][-]{subsection.3.4.4}{\376\377\000V\000i\000s\000u\000a\000l\000i\000z\000a\000t\000i\000o\000n\000\040\000o\000f\000\040\000N\000o\000r\000m\000a\000l\000\040\000M\000o\000d\000e\000s}{section.3.4}% 60
\BOOKMARK [2][-]{subsection.3.4.5}{\376\377\000I\000m\000p\000l\000i\000c\000a\000t\000i\000o\000n\000s\000\040\000o\000f\000\040\000t\000h\000e\000\040\000V\000i\000s\000u\000a\000l\000\040\000S\000i\000m\000u\000l\000a\000t\000i\000o\000n}{section.3.4}% 61
\BOOKMARK [2][-]{subsection.3.4.6}{\376\377\000C\000o\000n\000c\000l\000u\000s\000i\000o\000n\000\040\000o\000f\000\040\000T\000a\000s\000k\000\040\0003}{section.3.4}% 62
\BOOKMARK [1][-]{section.3.5}{\376\377\000A\000n\000a\000l\000y\000s\000i\000s\000\040\000o\000f\000\040\000N\000o\000r\000m\000a\000l\000\040\000M\000o\000d\000e\000s}{chapter.3}% 63
\BOOKMARK [2][-]{subsection.3.5.1}{\376\377\000C\000a\000l\000c\000u\000l\000a\000t\000i\000o\000n\000\040\000o\000f\000\040\000A\000n\000g\000u\000l\000a\000r\000\040\000F\000r\000e\000q\000u\000e\000n\000c\000i\000e\000s}{section.3.5}% 64
\BOOKMARK [2][-]{subsection.3.5.2}{\376\377\000O\000s\000c\000i\000l\000l\000a\000t\000i\000o\000n\000\040\000P\000a\000t\000t\000e\000r\000n\000s\000\040\000o\000f\000\040\000N\000o\000r\000m\000a\000l\000\040\000M\000o\000d\000e\000s}{section.3.5}% 65
\BOOKMARK [2][-]{subsection.3.5.3}{\376\377\000I\000n\000f\000l\000u\000e\000n\000c\000e\000\040\000o\000f\000\040\000S\000y\000m\000m\000e\000t\000r\000y\000\040\000o\000n\000\040\000N\000o\000r\000m\000a\000l\000\040\000M\000o\000d\000e\000s\000\040\000a\000n\000d\000\040\000F\000r\000e\000q\000u\000e\000n\000c\000i\000e\000s}{section.3.5}% 66
\BOOKMARK [2][-]{subsection.3.5.4}{\376\377\000V\000i\000s\000u\000a\000l\000i\000z\000a\000t\000i\000o\000n\000\040\000o\000f\000\040\000O\000s\000c\000i\000l\000l\000a\000t\000i\000o\000n\000\040\000P\000a\000t\000t\000e\000r\000n\000s}{section.3.5}% 67
\BOOKMARK [2][-]{subsection.3.5.5}{\376\377\000D\000i\000s\000c\000u\000s\000s\000i\000o\000n}{section.3.5}% 68
\BOOKMARK [2][-]{subsection.3.5.6}{\376\377\000C\000o\000n\000c\000l\000u\000s\000i\000o\000n}{section.3.5}% 69
\BOOKMARK [1][-]{section.3.6}{\376\377\000C\000o\000n\000c\000l\000u\000s\000i\000o\000n}{chapter.3}% 70
\BOOKMARK [2][-]{subsection.3.6.1}{\376\377\000S\000u\000m\000m\000a\000r\000y\000\040\000o\000f\000\040\000F\000i\000n\000d\000i\000n\000g\000s}{section.3.6}% 71
\BOOKMARK [2][-]{subsection.3.6.2}{\376\377\000I\000m\000p\000l\000i\000c\000a\000t\000i\000o\000n\000s\000\040\000o\000f\000\040\000S\000y\000m\000m\000e\000t\000r\000y\000\040\000o\000n\000\040\000C\000o\000u\000p\000l\000e\000d\000\040\000O\000s\000c\000i\000l\000l\000a\000t\000o\000r\000s}{section.3.6}% 72
\BOOKMARK [2][-]{subsection.3.6.3}{\376\377\000P\000h\000y\000s\000i\000c\000a\000l\000\040\000S\000i\000g\000n\000i\000f\000i\000c\000a\000n\000c\000e\000\040\000o\000f\000\040\000N\000o\000r\000m\000a\000l\000\040\000M\000o\000d\000e\000s\000\040\000i\000n\000\040\000S\000y\000m\000m\000e\000t\000r\000i\000c\000\040\000S\000y\000s\000t\000e\000m\000s}{section.3.6}% 73
\BOOKMARK [2][-]{subsection.3.6.4}{\376\377\000F\000i\000n\000a\000l\000\040\000R\000e\000m\000a\000r\000k\000s}{section.3.6}% 74
\BOOKMARK [1][-]{section.3.7}{\376\377\000S\000u\000m\000m\000a\000r\000y\000\040\000o\000f\000\040\000t\000h\000e\000\040\000P\000r\000o\000j\000e\000c\000t}{chapter.3}% 75
\BOOKMARK [1][-]{section.3.8}{\376\377\000K\000e\000y\000\040\000F\000i\000n\000d\000i\000n\000g\000s}{chapter.3}% 76
\BOOKMARK [1][-]{section.3.9}{\376\377\000I\000m\000p\000l\000i\000c\000a\000t\000i\000o\000n\000s\000\040\000o\000f\000\040\000S\000y\000m\000m\000e\000t\000r\000y\000\040\000o\000n\000\040\000C\000o\000u\000p\000l\000e\000d\000\040\000O\000s\000c\000i\000l\000l\000a\000t\000o\000r\000\040\000S\000y\000s\000t\000e\000m\000s}{chapter.3}% 77
\BOOKMARK [2][-]{subsection.3.9.1}{\376\377\000D\000e\000g\000e\000n\000e\000r\000a\000c\000y\000\040\000o\000f\000\040\000N\000o\000r\000m\000a\000l\000\040\000M\000o\000d\000e\000s}{section.3.9}% 78
\BOOKMARK [2][-]{subsection.3.9.2}{\376\377\000P\000h\000a\000s\000e\000\040\000S\000y\000n\000c\000h\000r\000o\000n\000i\000z\000a\000t\000i\000o\000n\000\040\000a\000n\000d\000\040\000C\000o\000h\000e\000r\000e\000n\000t\000\040\000O\000s\000c\000i\000l\000l\000a\000t\000i\000o\000n\000s}{section.3.9}% 79
\BOOKMARK [2][-]{subsection.3.9.3}{\376\377\000E\000n\000e\000r\000g\000y\000\040\000D\000i\000s\000t\000r\000i\000b\000u\000t\000i\000o\000n\000\040\000a\000n\000d\000\040\000S\000y\000s\000t\000e\000m\000\040\000S\000t\000a\000b\000i\000l\000i\000t\000y}{section.3.9}% 80
\BOOKMARK [1][-]{section.3.10}{\376\377\000P\000h\000y\000s\000i\000c\000a\000l\000\040\000S\000i\000g\000n\000i\000f\000i\000c\000a\000n\000c\000e\000\040\000o\000f\000\040\000N\000o\000r\000m\000a\000l\000\040\000M\000o\000d\000e\000s}{chapter.3}% 81
\BOOKMARK [1][-]{section.3.11}{\376\377\000F\000i\000n\000a\000l\000\040\000R\000e\000m\000a\000r\000k\000s\000\040\000a\000n\000d\000\040\000F\000u\000t\000u\000r\000e\000\040\000W\000o\000r\000k}{chapter.3}% 82
